<?xml version="1.0" encoding="UTF-8"?>
<!-- Generated by org.testng.reporters.JUnitXMLReporter -->
<testsuite ignored="7" hostname="Buddy" failures="0" tests="2" name="Test" time="0.087" errors="0" timestamp="2025-03-25T19:39:36 IST">
  <testcase classname="day5_24032025.GroupDemo" name="test1" time="0.011"/>
  <testcase classname="day5_24032025.GroupDemo" name="test8" time="0.002"/>
  <testcase classname="day5_24032025.GroupDemo" name="test9" time="0.0">
    <ignored/>
  </testcase> <!-- test9 -->
  <testcase classname="day5_24032025.GroupDemo" name="test7" time="0.0">
    <ignored/>
  </testcase> <!-- test7 -->
  <testcase classname="day5_24032025.GroupDemo" name="test2" time="0.0">
    <ignored/>
  </testcase> <!-- test2 -->
  <testcase classname="day5_24032025.GroupDemo" name="test6" time="0.0">
    <ignored/>
  </testcase> <!-- test6 -->
  <testcase classname="day5_24032025.GroupDemo" name="test5" time="0.0">
    <ignored/>
  </testcase> <!-- test5 -->
  <testcase classname="day5_24032025.GroupDemo" name="test4" time="0.0">
    <ignored/>
  </testcase> <!-- test4 -->
  <testcase classname="day5_24032025.GroupDemo" name="test3" time="0.0">
    <ignored/>
  </testcase> <!-- test3 -->
</testsuite> <!-- Test -->
