<?xml version="1.0" encoding="UTF-8"?>
<testng-results ignored="7" total="9" passed="2" failed="0" skipped="0">
  <reporter-output>
  </reporter-output>
  <suite started-at="2025-04-22T20:12:43 IST" name="Suite" finished-at="2025-04-22T20:12:43 IST" duration-ms="77">
    <groups>
      <group name="windows.Smoke">
        <method signature="GroupDemo.test1()[pri:0, instance:day5_24032025.GroupDemo@3c9754d8]" name="test1" class="day5_24032025.GroupDemo"/>
        <method signature="GroupDemo.test8()[pri:0, instance:day5_24032025.GroupDemo@3c9754d8]" name="test8" class="day5_24032025.GroupDemo"/>
      </group> <!-- windows.Smoke -->
    </groups>
    <test started-at="2025-04-22T20:12:43 IST" name="Test" finished-at="2025-04-22T20:12:43 IST" duration-ms="77">
      <class name="day5_24032025.GroupDemo">
        <test-method signature="test1()[pri:0, instance:day5_24032025.GroupDemo@3c9754d8]" started-at="2025-04-22T20:12:43 IST" name="test1" finished-at="2025-04-22T20:12:43 IST" duration-ms="10" status="PASS">
          <reporter-output>
          </reporter-output>
        </test-method> <!-- test1 -->
        <test-method signature="test8()[pri:0, instance:day5_24032025.GroupDemo@3c9754d8]" started-at="2025-04-22T20:12:43 IST" name="test8" finished-at="2025-04-22T20:12:43 IST" duration-ms="2" status="PASS">
          <reporter-output>
          </reporter-output>
        </test-method> <!-- test8 -->
      </class> <!-- day5_24032025.GroupDemo -->
    </test> <!-- Test -->
  </suite> <!-- Suite -->
</testng-results>
