<?xml version="1.0" encoding="UTF-8"?>
<testng-results ignored="0" total="1" passed="1" failed="0" skipped="0">
  <reporter-output>
  </reporter-output>
  <suite started-at="2025-04-01T13:37:48 IST" name="Default suite" finished-at="2025-04-01T13:38:09 IST" duration-ms="21071">
    <groups>
    </groups>
    <test started-at="2025-04-01T13:37:48 IST" name="Default test" finished-at="2025-04-01T13:38:09 IST" duration-ms="21071">
      <class name="day6.CallingPOM">
        <test-method signature="executionMethod()[pri:0, instance:day6.CallingPOM@3e694b3f]" started-at="2025-04-01T13:37:48 IST" name="executionMethod" finished-at="2025-04-01T13:38:09 IST" duration-ms="21008" status="PASS">
          <reporter-output>
          </reporter-output>
        </test-method> <!-- executionMethod -->
      </class> <!-- day6.CallingPOM -->
    </test> <!-- Default test -->
  </suite> <!-- Default suite -->
</testng-results>
